<?xml version="1.0" encoding="UTF-8"?>
<!-- Generated by org.testng.reporters.JUnitReportReporter -->
<testsuite skipped="0" hostname="qtlsys2-17" name="pack.AA_FL_PDL" tests="1" failures="0" timestamp="18 Oct 2019 09:58:11 GMT" time="252.996" errors="0">
  <testcase name="Advance_deposit_ACHR_WOR2CCKDiffNumbers_Transactionprocessed_deassigndrawer_MidDayDeposit_VoidWORCashOnly" time="252.996" classname="pack.AA_FL_PDL"/>
</testsuite> <!-- pack.AA_FL_PDL -->
