<?xml version="1.0" encoding="UTF-8"?>
<!-- Generated by org.testng.reporters.JUnitReportReporter -->
<testsuite skipped="0" hostname="qtlsys2-17" name="pack.AA_TN_PDL" tests="1" failures="0" timestamp="16 Sep 2019 11:56:19 GMT" time="78.377" errors="0">
  <testcase name="RegistercustmerwhichdoesnotsatisifyMinterm_verifywhetherpayfrequencydatemovedaccordingtothedate" time="78.377" classname="pack.AA_TN_PDL"/>
</testsuite> <!-- pack.AA_TN_PDL -->
