<?xml version="1.0" encoding="UTF-8"?>
<!-- Generated by org.testng.reporters.JUnitReportReporter -->
<testsuite skipped="52" hostname="QTLSYS2-238" name="pack.AA_FL_PDL" tests="54" failures="0" timestamp="10 Jul 2019 08:58:50 GMT" time="6.348" errors="2">
  <testcase name="BorrowerRegistration_NewLoan" time="0.031" classname="pack.AA_FL_PDL">
    <skipped/>
  </testcase> <!-- BorrowerRegistration_NewLoan -->
  <testcase name="quit" time="0.026" classname="pack.AA_FL_PDL">
    <error type="java.lang.NullPointerException">
      <![CDATA[java.lang.NullPointerException
at pack.AA_FL_PDL.quit(AA_FL_PDL.java:3829)
at sun.reflect.NativeMethodAccessorImpl.invoke0(Native Method)
at sun.reflect.NativeMethodAccessorImpl.invoke(Unknown Source)
at sun.reflect.DelegatingMethodAccessorImpl.invoke(Unknown Source)
at java.lang.reflect.Method.invoke(Unknown Source)
at org.testng.internal.MethodInvocationHelper.invokeMethod(MethodInvocationHelper.java:124)
at org.testng.internal.MethodInvocationHelper.invokeMethodConsideringTimeout(MethodInvocationHelper.java:59)
at org.testng.internal.Invoker.invokeConfigurationMethod(Invoker.java:458)
at org.testng.internal.Invoker.invokeConfigurations(Invoker.java:222)
at org.testng.internal.Invoker.invokeConfigurations(Invoker.java:142)
at org.testng.internal.TestMethodWorker.invokeAfterClassMethods(TestMethodWorker.java:214)
at org.testng.internal.TestMethodWorker.run(TestMethodWorker.java:111)
at org.testng.TestRunner.privateRun(TestRunner.java:648)
at org.testng.TestRunner.run(TestRunner.java:505)
at org.testng.SuiteRunner.runTest(SuiteRunner.java:455)
at org.testng.SuiteRunner.runSequentially(SuiteRunner.java:450)
at org.testng.SuiteRunner.privateRun(SuiteRunner.java:415)
at org.testng.SuiteRunner.run(SuiteRunner.java:364)
at org.testng.SuiteRunnerWorker.runSuite(SuiteRunnerWorker.java:52)
at org.testng.SuiteRunnerWorker.run(SuiteRunnerWorker.java:84)
at org.testng.TestNG.runSuitesSequentially(TestNG.java:1208)
at org.testng.TestNG.runSuitesLocally(TestNG.java:1137)
at org.testng.TestNG.runSuites(TestNG.java:1049)
at org.testng.TestNG.run(TestNG.java:1017)
at org.testng.remote.AbstractRemoteTestNG.run(AbstractRemoteTestNG.java:114)
at org.testng.remote.RemoteTestNG.initAndRun(RemoteTestNG.java:251)
at org.testng.remote.RemoteTestNG.main(RemoteTestNG.java:77)
]]>
    </error>
  </testcase> <!-- quit -->
  <testcase name="setup_Grid" time="5.146" classname="pack.AA_FL_PDL">
    <error type="java.lang.IllegalStateException" message="The driver executable does not exist: C:\AA_Batch\AA_PDL\IEDriverServer.exe">
      <![CDATA[java.lang.IllegalStateException: The driver executable does not exist: C:\AA_Batch\AA_PDL\IEDriverServer.exe
at com.google.common.base.Preconditions.checkState(Preconditions.java:585)
at org.openqa.selenium.remote.service.DriverService.checkExecutable(DriverService.java:137)
at org.openqa.selenium.remote.service.DriverService.findExecutable(DriverService.java:132)
at org.openqa.selenium.ie.InternetExplorerDriverService.access$000(InternetExplorerDriverService.java:35)
at org.openqa.selenium.ie.InternetExplorerDriverService$Builder.findDefaultExecutable(InternetExplorerDriverService.java:188)
at org.openqa.selenium.remote.service.DriverService$Builder.build(DriverService.java:346)
at org.openqa.selenium.ie.InternetExplorerDriver.setupService(InternetExplorerDriver.java:281)
at org.openqa.selenium.ie.InternetExplorerDriver.<init>(InternetExplorerDriver.java:211)
at org.openqa.selenium.ie.InternetExplorerDriver.<init>(InternetExplorerDriver.java:150)
at pack.AA_FL_PDL.setup_Grid(AA_FL_PDL.java:3907)
at sun.reflect.NativeMethodAccessorImpl.invoke0(Native Method)
at sun.reflect.NativeMethodAccessorImpl.invoke(Unknown Source)
at sun.reflect.DelegatingMethodAccessorImpl.invoke(Unknown Source)
at java.lang.reflect.Method.invoke(Unknown Source)
at org.testng.internal.MethodInvocationHelper.invokeMethod(MethodInvocationHelper.java:124)
at org.testng.internal.MethodInvocationHelper.invokeMethodConsideringTimeout(MethodInvocationHelper.java:59)
at org.testng.internal.Invoker.invokeConfigurationMethod(Invoker.java:458)
at org.testng.internal.Invoker.invokeConfigurations(Invoker.java:222)
at org.testng.internal.Invoker.invokeConfigurations(Invoker.java:142)
at org.testng.TestRunner.beforeRun(TestRunner.java:529)
at org.testng.TestRunner.run(TestRunner.java:497)
at org.testng.SuiteRunner.runTest(SuiteRunner.java:455)
at org.testng.SuiteRunner.runSequentially(SuiteRunner.java:450)
at org.testng.SuiteRunner.privateRun(SuiteRunner.java:415)
at org.testng.SuiteRunner.run(SuiteRunner.java:364)
at org.testng.SuiteRunnerWorker.runSuite(SuiteRunnerWorker.java:52)
at org.testng.SuiteRunnerWorker.run(SuiteRunnerWorker.java:84)
at org.testng.TestNG.runSuitesSequentially(TestNG.java:1208)
at org.testng.TestNG.runSuitesLocally(TestNG.java:1137)
at org.testng.TestNG.runSuites(TestNG.java:1049)
at org.testng.TestNG.run(TestNG.java:1017)
at org.testng.remote.AbstractRemoteTestNG.run(AbstractRemoteTestNG.java:114)
at org.testng.remote.RemoteTestNG.initAndRun(RemoteTestNG.java:251)
at org.testng.remote.RemoteTestNG.main(RemoteTestNG.java:77)
]]>
    </error>
  </testcase> <!-- setup_Grid -->
  <testcase name="BorrowerNewLoan_Rule" time="0.014" classname="pack.AA_FL_PDL">
    <skipped/>
  </testcase> <!-- BorrowerNewLoan_Rule -->
  <testcase name="NewLoan_Biweekly_Duedate" time="0.014" classname="pack.AA_FL_PDL">
    <skipped/>
  </testcase> <!-- NewLoan_Biweekly_Duedate -->
  <testcase name="NewLoan_Monthly_Duedate" time="0.023" classname="pack.AA_FL_PDL">
    <skipped/>
  </testcase> <!-- NewLoan_Monthly_Duedate -->
  <testcase name="NewLoan_SemiMonthly_Duedate" time="0.014" classname="pack.AA_FL_PDL">
    <skipped/>
  </testcase> <!-- NewLoan_SemiMonthly_Duedate -->
  <testcase name="NewLoan_Weekly_Duedate" time="0.016" classname="pack.AA_FL_PDL">
    <skipped/>
  </testcase> <!-- NewLoan_Weekly_Duedate -->
  <testcase name="VerifyLoanAmount" time="0.017" classname="pack.AA_FL_PDL">
    <skipped/>
  </testcase> <!-- VerifyLoanAmount -->
  <testcase name="Newloan_MultipullDisb" time="0.015" classname="pack.AA_FL_PDL">
    <skipped/>
  </testcase> <!-- Newloan_MultipullDisb -->
  <testcase name="Void" time="0.026" classname="pack.AA_FL_PDL">
    <skipped/>
  </testcase> <!-- Void -->
  <testcase name="NewLoan_VoidEncryptionKey" time="0.014" classname="pack.AA_FL_PDL">
    <skipped/>
  </testcase> <!-- NewLoan_VoidEncryptionKey -->
  <testcase name="Rescind" time="0.016" classname="pack.AA_FL_PDL">
    <skipped/>
  </testcase> <!-- Rescind -->
  <testcase name="Rescind_AgeStore" time="0.016" classname="pack.AA_FL_PDL">
    <skipped/>
  </testcase> <!-- Rescind_AgeStore -->
  <testcase name="Partialpayment_void" time="0.022" classname="pack.AA_FL_PDL">
    <skipped/>
  </testcase> <!-- Partialpayment_void -->
  <testcase name="Partialpayment_agestorevoid" time="0.019" classname="pack.AA_FL_PDL">
    <skipped/>
  </testcase> <!-- Partialpayment_agestorevoid -->
  <testcase name="NewLoanMultiDisb_Void" time="0.018" classname="pack.AA_FL_PDL">
    <skipped/>
  </testcase> <!-- NewLoanMultiDisb_Void -->
  <testcase name="NewLoanMultipledisbursement_AgestoreVoid" time="0.024" classname="pack.AA_FL_PDL">
    <skipped/>
  </testcase> <!-- NewLoanMultipledisbursement_AgestoreVoid -->
  <testcase name="Newloan_DisbACH_void" time="0.018" classname="pack.AA_FL_PDL">
    <skipped/>
  </testcase> <!-- Newloan_DisbACH_void -->
  <testcase name="NewLoan_AgeStore_BuyBack" time="0.017" classname="pack.AA_FL_PDL">
    <skipped/>
  </testcase> <!-- NewLoan_AgeStore_BuyBack -->
  <testcase name="BuyBack_Void" time="0.020" classname="pack.AA_FL_PDL">
    <skipped/>
  </testcase> <!-- BuyBack_Void -->
  <testcase name="Byback_agestore_void" time="0.020" classname="pack.AA_FL_PDL">
    <skipped/>
  </testcase> <!-- Byback_agestore_void -->
  <testcase name="VerifyBuyBack_TotalDue" time="0.014" classname="pack.AA_FL_PDL">
    <skipped/>
  </testcase> <!-- VerifyBuyBack_TotalDue -->
  <testcase name="PartialPayment_BuyBack" time="0.014" classname="pack.AA_FL_PDL">
    <skipped/>
  </testcase> <!-- PartialPayment_BuyBack -->
  <testcase name="PartialPayment_BuyBack_Void" time="0.015" classname="pack.AA_FL_PDL">
    <skipped/>
  </testcase> <!-- PartialPayment_BuyBack_Void -->
  <testcase name="PartialPayment_BuyBackChange_Void" time="0.024" classname="pack.AA_FL_PDL">
    <skipped/>
  </testcase> <!-- PartialPayment_BuyBackChange_Void -->
  <testcase name="NewLoan_PreNoteDiposit_6daysBeforeDueDate" time="0.018" classname="pack.AA_FL_PDL">
    <skipped/>
  </testcase> <!-- NewLoan_PreNoteDiposit_6daysBeforeDueDate -->
  <testcase name="NewLoan_Prenote_Deposit_Verification_weekly" time="0.016" classname="pack.AA_FL_PDL">
    <skipped/>
  </testcase> <!-- NewLoan_Prenote_Deposit_Verification_weekly -->
  <testcase name="Prenotedeposit_Verification" time="0.023" classname="pack.AA_FL_PDL">
    <skipped/>
  </testcase> <!-- Prenotedeposit_Verification -->
  <testcase name="Prenotedeposit_Verification_within5businessdays" time="0.021" classname="pack.AA_FL_PDL">
    <skipped/>
  </testcase> <!-- Prenotedeposit_Verification_within5businessdays -->
  <testcase name="NewLoan_Deposit_Return_Prenotedeposit" time="0.027" classname="pack.AA_FL_PDL">
    <skipped/>
  </testcase> <!-- NewLoan_Deposit_Return_Prenotedeposit -->
  <testcase name="LoanwithCheck__DepConvertACH__Deposit__ACHReturn" time="0.195" classname="pack.AA_FL_PDL">
    <skipped/>
  </testcase> <!-- LoanwithCheck__DepConvertACH__Deposit__ACHReturn -->
  <testcase name="PartialPayment_ACH_Deposit" time="0.019" classname="pack.AA_FL_PDL">
    <skipped/>
  </testcase> <!-- PartialPayment_ACH_Deposit -->
  <testcase name="Nacha_ACHDepositProcess_ACHReturn" time="0.068" classname="pack.AA_FL_PDL">
    <skipped/>
  </testcase> <!-- Nacha_ACHDepositProcess_ACHReturn -->
  <testcase name="ConvertCheckToACHNacha_ACHDepositProcess_ACHReturn" time="0.025" classname="pack.AA_FL_PDL">
    <skipped/>
  </testcase> <!-- ConvertCheckToACHNacha_ACHDepositProcess_ACHReturn -->
  <testcase name="Loan_Deposit_PrePayment_Return" time="0.019" classname="pack.AA_FL_PDL">
    <skipped/>
  </testcase> <!-- Loan_Deposit_PrePayment_Return -->
  <testcase name="LoanwithCheck_Deposit_ReturnwithoutR01R09_FutureDepositNotposted" time="0.022" classname="pack.AA_FL_PDL">
    <skipped/>
  </testcase> <!-- LoanwithCheck_Deposit_ReturnwithoutR01R09_FutureDepositNotposted -->
  <testcase name="LoanwithACH_NACHA_ACHDepProc_ProcessClear" time="0.018" classname="pack.AA_FL_PDL">
    <skipped/>
  </testcase> <!-- LoanwithACH_NACHA_ACHDepProc_ProcessClear -->
  <testcase name="NewLoan_PreNoteDeposit_PreNoteClear" time="0.015" classname="pack.AA_FL_PDL">
    <skipped/>
  </testcase> <!-- NewLoan_PreNoteDeposit_PreNoteClear -->
  <testcase name="LoanwithCheck_ConverttoACH_ACHDepproc_ProcClear" time="0.016" classname="pack.AA_FL_PDL">
    <skipped/>
  </testcase> <!-- LoanwithCheck_ConverttoACH_ACHDepproc_ProcClear -->
  <testcase name="Loan_Agestoreduedate_performdepositPrepayment_agestore_ProcessClear" time="0.022" classname="pack.AA_FL_PDL">
    <skipped/>
  </testcase> <!-- Loan_Agestoreduedate_performdepositPrepayment_agestore_ProcessClear -->
  <testcase name="NewLoan_Perform_EPP" time="0.022" classname="pack.AA_FL_PDL">
    <skipped/>
  </testcase> <!-- NewLoan_Perform_EPP -->
  <testcase name="EPP_MissRPPPayment_EOD_Checkbox" time="0.014" classname="pack.AA_FL_PDL">
    <skipped/>
  </testcase> <!-- EPP_MissRPPPayment_EOD_Checkbox -->
  <testcase name="EPP_MissRPPPayment_EOD_Forcefully" time="0.016" classname="pack.AA_FL_PDL">
    <skipped/>
  </testcase> <!-- EPP_MissRPPPayment_EOD_Forcefully -->
  <testcase name="Newloan_PartialPayment_Deposit_Clear_Refund" time="0.019" classname="pack.AA_FL_PDL">
    <skipped/>
  </testcase> <!-- Newloan_PartialPayment_Deposit_Clear_Refund -->
  <testcase name="Loan_Deposit_FullPrePayment_Clear_Refund" time="0.023" classname="pack.AA_FL_PDL">
    <skipped/>
  </testcase> <!-- Loan_Deposit_FullPrePayment_Clear_Refund -->
  <testcase name="LoanWithCheck_ConvertAch_AchPrePayment_AchClr_Refund" time="0.019" classname="pack.AA_FL_PDL">
    <skipped/>
  </testcase> <!-- LoanWithCheck_ConvertAch_AchPrePayment_AchClr_Refund -->
  <testcase name="NewLoan_ReturnPosting_60days_Writeoff" time="0.022" classname="pack.AA_FL_PDL">
    <skipped/>
  </testcase> <!-- NewLoan_ReturnPosting_60days_Writeoff -->
  <testcase name="Loan_ReturnPosting_15PerofTotalDue__CheckWriteOff120daystoretdate" time="0.018" classname="pack.AA_FL_PDL">
    <skipped/>
  </testcase> <!-- Loan_ReturnPosting_15PerofTotalDue__CheckWriteOff120daystoretdate -->
  <testcase name="Loan_ReturnPosting_NSF15_Void_WO60days_Returndate" time="0.018" classname="pack.AA_FL_PDL">
    <skipped/>
  </testcase> <!-- Loan_ReturnPosting_NSF15_Void_WO60days_Returndate -->
  <testcase name="Loan_ReturnPosting_30PerofTotalDue__CheckWriteOff180daystoretdate" time="0.022" classname="pack.AA_FL_PDL">
    <skipped/>
  </testcase> <!-- Loan_ReturnPosting_30PerofTotalDue__CheckWriteOff180daystoretdate -->
  <testcase name="NewLoan_RPP_AgeInstwise_PPPayment" time="0.018" classname="pack.AA_FL_PDL">
    <skipped/>
  </testcase> <!-- NewLoan_RPP_AgeInstwise_PPPayment -->
  <testcase name="NewLoan_DueDate_Holiday_Verification" time="0.000" classname="pack.AA_FL_PDL">
    <skipped/>
  </testcase> <!-- NewLoan_DueDate_Holiday_Verification -->
  <testcase name="Loan_Deposit_PrePaymentfull_Return_RefundnotDisplay" time="0.000" classname="pack.AA_FL_PDL">
    <skipped/>
  </testcase> <!-- Loan_Deposit_PrePaymentfull_Return_RefundnotDisplay -->
</testsuite> <!-- pack.AA_FL_PDL -->
